[0.294s] DEBUG:colcon:Command line arguments: ['/usr/bin/colcon', 'build']
[0.294s] DEBUG:colcon:Parsed command line arguments: Namespace(log_base=None, log_level=None, verb_name='build', build_base='build', install_base='install', merge_install=False, symlink_install=False, test_result_base=None, continue_on_error=False, executor='parallel', parallel_workers=12, event_handlers=None, ignore_user_meta=False, metas=['./colcon.meta'], base_paths=['.'], packages_ignore=None, packages_ignore_regex=None, paths=None, packages_up_to=None, packages_up_to_regex=None, packages_above=None, packages_above_and_dependencies=None, packages_above_depth=None, packages_select_by_dep=None, packages_skip_by_dep=None, packages_skip_up_to=None, packages_select_build_failed=False, packages_skip_build_finished=False, packages_select_test_failures=False, packages_skip_test_passed=False, packages_select=None, packages_skip=None, packages_select_regex=None, packages_skip_regex=None, packages_start=None, packages_end=None, allow_overriding=[], cmake_args=None, cmake_target=None, cmake_target_skip_unavailable=False, cmake_clean_cache=False, cmake_clean_first=False, cmake_force_configure=False, ament_cmake_args=None, catkin_cmake_args=None, catkin_skip_building_tests=False, verb_parser=<colcon_defaults.argument_parser.defaults.DefaultArgumentsDecorator object at 0x7fb215f4cf70>, verb_extension=<colcon_core.verb.build.BuildVerb object at 0x7fb2166ace80>, main=<bound method BuildVerb.main of <colcon_core.verb.build.BuildVerb object at 0x7fb2166ace80>>)
[0.313s] Level 1:colcon.colcon_core.package_discovery:discover_packages(colcon_meta) check parameters
[0.313s] Level 1:colcon.colcon_core.package_discovery:discover_packages(recursive) check parameters
[0.313s] Level 1:colcon.colcon_core.package_discovery:discover_packages(ignore) check parameters
[0.313s] Level 1:colcon.colcon_core.package_discovery:discover_packages(path) check parameters
[0.313s] Level 1:colcon.colcon_core.package_discovery:discover_packages(colcon_meta) discover
[0.313s] Level 1:colcon.colcon_core.package_discovery:discover_packages(recursive) discover
[0.313s] INFO:colcon.colcon_core.package_discovery:Crawling recursively for packages in '/home/phabrzyk/lc/lc_sensor_grabber/ws'
[0.313s] Level 1:colcon.colcon_core.package_identification:_identify(.) by extensions ['ignore', 'ignore_ament_install']
[0.313s] Level 1:colcon.colcon_core.package_identification:_identify(.) by extension 'ignore'
[0.313s] Level 1:colcon.colcon_core.package_identification:_identify(.) by extension 'ignore_ament_install'
[0.313s] Level 1:colcon.colcon_core.package_identification:_identify(.) by extensions ['colcon_pkg']
[0.313s] Level 1:colcon.colcon_core.package_identification:_identify(.) by extension 'colcon_pkg'
[0.313s] Level 1:colcon.colcon_core.package_identification:_identify(.) by extensions ['colcon_meta']
[0.313s] Level 1:colcon.colcon_core.package_identification:_identify(.) by extension 'colcon_meta'
[0.313s] Level 1:colcon.colcon_core.package_identification:_identify(.) by extensions ['ros']
[0.313s] Level 1:colcon.colcon_core.package_identification:_identify(.) by extension 'ros'
[0.329s] Level 1:colcon.colcon_core.package_identification:_identify(.) by extensions ['cmake', 'python']
[0.329s] Level 1:colcon.colcon_core.package_identification:_identify(.) by extension 'cmake'
[0.329s] Level 1:colcon.colcon_core.package_identification:_identify(.) by extension 'python'
[0.329s] Level 1:colcon.colcon_core.package_identification:_identify(.) by extensions ['python_setup_py']
[0.329s] Level 1:colcon.colcon_core.package_identification:_identify(.) by extension 'python_setup_py'
[0.329s] Level 1:colcon.colcon_core.package_identification:_identify(bluetooth_talker) by extensions ['ignore', 'ignore_ament_install']
[0.329s] Level 1:colcon.colcon_core.package_identification:_identify(bluetooth_talker) by extension 'ignore'
[0.329s] Level 1:colcon.colcon_core.package_identification:_identify(bluetooth_talker) by extension 'ignore_ament_install'
[0.329s] Level 1:colcon.colcon_core.package_identification:_identify(bluetooth_talker) by extensions ['colcon_pkg']
[0.329s] Level 1:colcon.colcon_core.package_identification:_identify(bluetooth_talker) by extension 'colcon_pkg'
[0.329s] Level 1:colcon.colcon_core.package_identification:_identify(bluetooth_talker) by extensions ['colcon_meta']
[0.329s] Level 1:colcon.colcon_core.package_identification:_identify(bluetooth_talker) by extension 'colcon_meta'
[0.329s] Level 1:colcon.colcon_core.package_identification:_identify(bluetooth_talker) by extensions ['ros']
[0.329s] Level 1:colcon.colcon_core.package_identification:_identify(bluetooth_talker) by extension 'ros'
[0.331s] DEBUG:colcon.colcon_core.package_identification:Package 'bluetooth_talker' with type 'ros.ament_python' and name 'bluetooth_talker'
[0.332s] Level 1:colcon.colcon_core.package_identification:_identify(build) by extensions ['ignore', 'ignore_ament_install']
[0.332s] Level 1:colcon.colcon_core.package_identification:_identify(build) by extension 'ignore'
[0.332s] Level 1:colcon.colcon_core.package_identification:_identify(build) ignored
[0.332s] Level 1:colcon.colcon_core.package_identification:_identify(engine_controller) by extensions ['ignore', 'ignore_ament_install']
[0.332s] Level 1:colcon.colcon_core.package_identification:_identify(engine_controller) by extension 'ignore'
[0.332s] Level 1:colcon.colcon_core.package_identification:_identify(engine_controller) by extension 'ignore_ament_install'
[0.332s] Level 1:colcon.colcon_core.package_identification:_identify(engine_controller) by extensions ['colcon_pkg']
[0.332s] Level 1:colcon.colcon_core.package_identification:_identify(engine_controller) by extension 'colcon_pkg'
[0.332s] Level 1:colcon.colcon_core.package_identification:_identify(engine_controller) by extensions ['colcon_meta']
[0.332s] Level 1:colcon.colcon_core.package_identification:_identify(engine_controller) by extension 'colcon_meta'
[0.332s] Level 1:colcon.colcon_core.package_identification:_identify(engine_controller) by extensions ['ros']
[0.332s] Level 1:colcon.colcon_core.package_identification:_identify(engine_controller) by extension 'ros'
[0.334s] DEBUG:colcon.colcon_core.package_identification:Package 'engine_controller' with type 'ros.ament_python' and name 'engine_controller'
[0.334s] Level 1:colcon.colcon_core.package_identification:_identify(install) by extensions ['ignore', 'ignore_ament_install']
[0.334s] Level 1:colcon.colcon_core.package_identification:_identify(install) by extension 'ignore'
[0.335s] Level 1:colcon.colcon_core.package_identification:_identify(install) ignored
[0.335s] Level 1:colcon.colcon_core.package_identification:_identify(lc_interfaces) by extensions ['ignore', 'ignore_ament_install']
[0.335s] Level 1:colcon.colcon_core.package_identification:_identify(lc_interfaces) by extension 'ignore'
[0.335s] Level 1:colcon.colcon_core.package_identification:_identify(lc_interfaces) by extension 'ignore_ament_install'
[0.335s] Level 1:colcon.colcon_core.package_identification:_identify(lc_interfaces) by extensions ['colcon_pkg']
[0.335s] Level 1:colcon.colcon_core.package_identification:_identify(lc_interfaces) by extension 'colcon_pkg'
[0.335s] Level 1:colcon.colcon_core.package_identification:_identify(lc_interfaces) by extensions ['colcon_meta']
[0.335s] Level 1:colcon.colcon_core.package_identification:_identify(lc_interfaces) by extension 'colcon_meta'
[0.335s] Level 1:colcon.colcon_core.package_identification:_identify(lc_interfaces) by extensions ['ros']
[0.335s] Level 1:colcon.colcon_core.package_identification:_identify(lc_interfaces) by extension 'ros'
[0.337s] DEBUG:colcon.colcon_core.package_identification:Package 'lc_interfaces' with type 'ros.ament_cmake' and name 'lc_interfaces'
[0.337s] Level 1:colcon.colcon_core.package_identification:_identify(log) by extensions ['ignore', 'ignore_ament_install']
[0.337s] Level 1:colcon.colcon_core.package_identification:_identify(log) by extension 'ignore'
[0.337s] Level 1:colcon.colcon_core.package_identification:_identify(log) ignored
[0.337s] Level 1:colcon.colcon_core.package_identification:_identify(process_launchers) by extensions ['ignore', 'ignore_ament_install']
[0.337s] Level 1:colcon.colcon_core.package_identification:_identify(process_launchers) by extension 'ignore'
[0.337s] Level 1:colcon.colcon_core.package_identification:_identify(process_launchers) by extension 'ignore_ament_install'
[0.337s] Level 1:colcon.colcon_core.package_identification:_identify(process_launchers) by extensions ['colcon_pkg']
[0.337s] Level 1:colcon.colcon_core.package_identification:_identify(process_launchers) by extension 'colcon_pkg'
[0.337s] Level 1:colcon.colcon_core.package_identification:_identify(process_launchers) by extensions ['colcon_meta']
[0.337s] Level 1:colcon.colcon_core.package_identification:_identify(process_launchers) by extension 'colcon_meta'
[0.337s] Level 1:colcon.colcon_core.package_identification:_identify(process_launchers) by extensions ['ros']
[0.337s] Level 1:colcon.colcon_core.package_identification:_identify(process_launchers) by extension 'ros'
[0.339s] DEBUG:colcon.colcon_core.package_identification:Package 'process_launchers' with type 'ros.ament_python' and name 'process_launchers'
[0.339s] Level 1:colcon.colcon_core.package_identification:_identify(scan_assembler) by extensions ['ignore', 'ignore_ament_install']
[0.339s] Level 1:colcon.colcon_core.package_identification:_identify(scan_assembler) by extension 'ignore'
[0.339s] Level 1:colcon.colcon_core.package_identification:_identify(scan_assembler) by extension 'ignore_ament_install'
[0.339s] Level 1:colcon.colcon_core.package_identification:_identify(scan_assembler) by extensions ['colcon_pkg']
[0.339s] Level 1:colcon.colcon_core.package_identification:_identify(scan_assembler) by extension 'colcon_pkg'
[0.339s] Level 1:colcon.colcon_core.package_identification:_identify(scan_assembler) by extensions ['colcon_meta']
[0.339s] Level 1:colcon.colcon_core.package_identification:_identify(scan_assembler) by extension 'colcon_meta'
[0.340s] Level 1:colcon.colcon_core.package_identification:_identify(scan_assembler) by extensions ['ros']
[0.340s] Level 1:colcon.colcon_core.package_identification:_identify(scan_assembler) by extension 'ros'
[0.340s] DEBUG:colcon.colcon_core.package_identification:Package 'scan_assembler' with type 'ros.ament_python' and name 'scan_assembler'
[0.340s] Level 1:colcon.colcon_core.package_identification:_identify(top_to_lidar_tf_static_publisher) by extensions ['ignore', 'ignore_ament_install']
[0.340s] Level 1:colcon.colcon_core.package_identification:_identify(top_to_lidar_tf_static_publisher) by extension 'ignore'
[0.340s] Level 1:colcon.colcon_core.package_identification:_identify(top_to_lidar_tf_static_publisher) by extension 'ignore_ament_install'
[0.340s] Level 1:colcon.colcon_core.package_identification:_identify(top_to_lidar_tf_static_publisher) by extensions ['colcon_pkg']
[0.340s] Level 1:colcon.colcon_core.package_identification:_identify(top_to_lidar_tf_static_publisher) by extension 'colcon_pkg'
[0.340s] Level 1:colcon.colcon_core.package_identification:_identify(top_to_lidar_tf_static_publisher) by extensions ['colcon_meta']
[0.340s] Level 1:colcon.colcon_core.package_identification:_identify(top_to_lidar_tf_static_publisher) by extension 'colcon_meta'
[0.341s] Level 1:colcon.colcon_core.package_identification:_identify(top_to_lidar_tf_static_publisher) by extensions ['ros']
[0.341s] Level 1:colcon.colcon_core.package_identification:_identify(top_to_lidar_tf_static_publisher) by extension 'ros'
[0.341s] DEBUG:colcon.colcon_core.package_identification:Package 'top_to_lidar_tf_static_publisher' with type 'ros.ament_python' and name 'top_to_lidar_tf_static_publisher'
[0.341s] Level 1:colcon.colcon_core.package_discovery:discover_packages(recursive) using defaults
[0.341s] Level 1:colcon.colcon_core.package_discovery:discover_packages(ignore) discover
[0.341s] Level 1:colcon.colcon_core.package_discovery:discover_packages(ignore) using defaults
[0.341s] Level 1:colcon.colcon_core.package_discovery:discover_packages(path) discover
[0.341s] Level 1:colcon.colcon_core.package_discovery:discover_packages(path) using defaults
[0.363s] Level 1:colcon.colcon_core.package_discovery:discover_packages(prefix_path) check parameters
[0.364s] Level 1:colcon.colcon_core.package_discovery:discover_packages(prefix_path) discover
[0.365s] Level 1:colcon.colcon_core.package_discovery:discover_packages(prefix_path) using defaults
[0.366s] Level 5:colcon.colcon_core.verb:set package 'lc_interfaces' build argument 'cmake_args' from command line to 'None'
[0.366s] Level 5:colcon.colcon_core.verb:set package 'lc_interfaces' build argument 'cmake_target' from command line to 'None'
[0.366s] Level 5:colcon.colcon_core.verb:set package 'lc_interfaces' build argument 'cmake_target_skip_unavailable' from command line to 'False'
[0.366s] Level 5:colcon.colcon_core.verb:set package 'lc_interfaces' build argument 'cmake_clean_cache' from command line to 'False'
[0.366s] Level 5:colcon.colcon_core.verb:set package 'lc_interfaces' build argument 'cmake_clean_first' from command line to 'False'
[0.366s] Level 5:colcon.colcon_core.verb:set package 'lc_interfaces' build argument 'cmake_force_configure' from command line to 'False'
[0.366s] Level 5:colcon.colcon_core.verb:set package 'lc_interfaces' build argument 'ament_cmake_args' from command line to 'None'
[0.366s] Level 5:colcon.colcon_core.verb:set package 'lc_interfaces' build argument 'catkin_cmake_args' from command line to 'None'
[0.366s] Level 5:colcon.colcon_core.verb:set package 'lc_interfaces' build argument 'catkin_skip_building_tests' from command line to 'False'
[0.366s] DEBUG:colcon.colcon_core.verb:Building package 'lc_interfaces' with the following arguments: {'ament_cmake_args': None, 'build_base': '/home/phabrzyk/lc/lc_sensor_grabber/ws/build/lc_interfaces', 'catkin_cmake_args': None, 'catkin_skip_building_tests': False, 'cmake_args': None, 'cmake_clean_cache': False, 'cmake_clean_first': False, 'cmake_force_configure': False, 'cmake_target': None, 'cmake_target_skip_unavailable': False, 'install_base': '/home/phabrzyk/lc/lc_sensor_grabber/ws/install/lc_interfaces', 'merge_install': False, 'path': '/home/phabrzyk/lc/lc_sensor_grabber/ws/lc_interfaces', 'symlink_install': False, 'test_result_base': None}
[0.367s] Level 5:colcon.colcon_core.verb:set package 'top_to_lidar_tf_static_publisher' build argument 'cmake_args' from command line to 'None'
[0.367s] Level 5:colcon.colcon_core.verb:set package 'top_to_lidar_tf_static_publisher' build argument 'cmake_target' from command line to 'None'
[0.367s] Level 5:colcon.colcon_core.verb:set package 'top_to_lidar_tf_static_publisher' build argument 'cmake_target_skip_unavailable' from command line to 'False'
[0.367s] Level 5:colcon.colcon_core.verb:set package 'top_to_lidar_tf_static_publisher' build argument 'cmake_clean_cache' from command line to 'False'
[0.367s] Level 5:colcon.colcon_core.verb:set package 'top_to_lidar_tf_static_publisher' build argument 'cmake_clean_first' from command line to 'False'
[0.367s] Level 5:colcon.colcon_core.verb:set package 'top_to_lidar_tf_static_publisher' build argument 'cmake_force_configure' from command line to 'False'
[0.367s] Level 5:colcon.colcon_core.verb:set package 'top_to_lidar_tf_static_publisher' build argument 'ament_cmake_args' from command line to 'None'
[0.367s] Level 5:colcon.colcon_core.verb:set package 'top_to_lidar_tf_static_publisher' build argument 'catkin_cmake_args' from command line to 'None'
[0.367s] Level 5:colcon.colcon_core.verb:set package 'top_to_lidar_tf_static_publisher' build argument 'catkin_skip_building_tests' from command line to 'False'
[0.367s] DEBUG:colcon.colcon_core.verb:Building package 'top_to_lidar_tf_static_publisher' with the following arguments: {'ament_cmake_args': None, 'build_base': '/home/phabrzyk/lc/lc_sensor_grabber/ws/build/top_to_lidar_tf_static_publisher', 'catkin_cmake_args': None, 'catkin_skip_building_tests': False, 'cmake_args': None, 'cmake_clean_cache': False, 'cmake_clean_first': False, 'cmake_force_configure': False, 'cmake_target': None, 'cmake_target_skip_unavailable': False, 'install_base': '/home/phabrzyk/lc/lc_sensor_grabber/ws/install/top_to_lidar_tf_static_publisher', 'merge_install': False, 'path': '/home/phabrzyk/lc/lc_sensor_grabber/ws/top_to_lidar_tf_static_publisher', 'symlink_install': False, 'test_result_base': None}
[0.368s] Level 5:colcon.colcon_core.verb:set package 'bluetooth_talker' build argument 'cmake_args' from command line to 'None'
[0.368s] Level 5:colcon.colcon_core.verb:set package 'bluetooth_talker' build argument 'cmake_target' from command line to 'None'
[0.368s] Level 5:colcon.colcon_core.verb:set package 'bluetooth_talker' build argument 'cmake_target_skip_unavailable' from command line to 'False'
[0.368s] Level 5:colcon.colcon_core.verb:set package 'bluetooth_talker' build argument 'cmake_clean_cache' from command line to 'False'
[0.368s] Level 5:colcon.colcon_core.verb:set package 'bluetooth_talker' build argument 'cmake_clean_first' from command line to 'False'
[0.368s] Level 5:colcon.colcon_core.verb:set package 'bluetooth_talker' build argument 'cmake_force_configure' from command line to 'False'
[0.368s] Level 5:colcon.colcon_core.verb:set package 'bluetooth_talker' build argument 'ament_cmake_args' from command line to 'None'
[0.368s] Level 5:colcon.colcon_core.verb:set package 'bluetooth_talker' build argument 'catkin_cmake_args' from command line to 'None'
[0.368s] Level 5:colcon.colcon_core.verb:set package 'bluetooth_talker' build argument 'catkin_skip_building_tests' from command line to 'False'
[0.368s] DEBUG:colcon.colcon_core.verb:Building package 'bluetooth_talker' with the following arguments: {'ament_cmake_args': None, 'build_base': '/home/phabrzyk/lc/lc_sensor_grabber/ws/build/bluetooth_talker', 'catkin_cmake_args': None, 'catkin_skip_building_tests': False, 'cmake_args': None, 'cmake_clean_cache': False, 'cmake_clean_first': False, 'cmake_force_configure': False, 'cmake_target': None, 'cmake_target_skip_unavailable': False, 'install_base': '/home/phabrzyk/lc/lc_sensor_grabber/ws/install/bluetooth_talker', 'merge_install': False, 'path': '/home/phabrzyk/lc/lc_sensor_grabber/ws/bluetooth_talker', 'symlink_install': False, 'test_result_base': None}
[0.369s] Level 5:colcon.colcon_core.verb:set package 'engine_controller' build argument 'cmake_args' from command line to 'None'
[0.369s] Level 5:colcon.colcon_core.verb:set package 'engine_controller' build argument 'cmake_target' from command line to 'None'
[0.369s] Level 5:colcon.colcon_core.verb:set package 'engine_controller' build argument 'cmake_target_skip_unavailable' from command line to 'False'
[0.369s] Level 5:colcon.colcon_core.verb:set package 'engine_controller' build argument 'cmake_clean_cache' from command line to 'False'
[0.369s] Level 5:colcon.colcon_core.verb:set package 'engine_controller' build argument 'cmake_clean_first' from command line to 'False'
[0.369s] Level 5:colcon.colcon_core.verb:set package 'engine_controller' build argument 'cmake_force_configure' from command line to 'False'
[0.369s] Level 5:colcon.colcon_core.verb:set package 'engine_controller' build argument 'ament_cmake_args' from command line to 'None'
[0.369s] Level 5:colcon.colcon_core.verb:set package 'engine_controller' build argument 'catkin_cmake_args' from command line to 'None'
[0.369s] Level 5:colcon.colcon_core.verb:set package 'engine_controller' build argument 'catkin_skip_building_tests' from command line to 'False'
[0.369s] DEBUG:colcon.colcon_core.verb:Building package 'engine_controller' with the following arguments: {'ament_cmake_args': None, 'build_base': '/home/phabrzyk/lc/lc_sensor_grabber/ws/build/engine_controller', 'catkin_cmake_args': None, 'catkin_skip_building_tests': False, 'cmake_args': None, 'cmake_clean_cache': False, 'cmake_clean_first': False, 'cmake_force_configure': False, 'cmake_target': None, 'cmake_target_skip_unavailable': False, 'install_base': '/home/phabrzyk/lc/lc_sensor_grabber/ws/install/engine_controller', 'merge_install': False, 'path': '/home/phabrzyk/lc/lc_sensor_grabber/ws/engine_controller', 'symlink_install': False, 'test_result_base': None}
[0.369s] Level 5:colcon.colcon_core.verb:set package 'scan_assembler' build argument 'cmake_args' from command line to 'None'
[0.370s] Level 5:colcon.colcon_core.verb:set package 'scan_assembler' build argument 'cmake_target' from command line to 'None'
[0.370s] Level 5:colcon.colcon_core.verb:set package 'scan_assembler' build argument 'cmake_target_skip_unavailable' from command line to 'False'
[0.370s] Level 5:colcon.colcon_core.verb:set package 'scan_assembler' build argument 'cmake_clean_cache' from command line to 'False'
[0.370s] Level 5:colcon.colcon_core.verb:set package 'scan_assembler' build argument 'cmake_clean_first' from command line to 'False'
[0.370s] Level 5:colcon.colcon_core.verb:set package 'scan_assembler' build argument 'cmake_force_configure' from command line to 'False'
[0.370s] Level 5:colcon.colcon_core.verb:set package 'scan_assembler' build argument 'ament_cmake_args' from command line to 'None'
[0.370s] Level 5:colcon.colcon_core.verb:set package 'scan_assembler' build argument 'catkin_cmake_args' from command line to 'None'
[0.370s] Level 5:colcon.colcon_core.verb:set package 'scan_assembler' build argument 'catkin_skip_building_tests' from command line to 'False'
[0.370s] DEBUG:colcon.colcon_core.verb:Building package 'scan_assembler' with the following arguments: {'ament_cmake_args': None, 'build_base': '/home/phabrzyk/lc/lc_sensor_grabber/ws/build/scan_assembler', 'catkin_cmake_args': None, 'catkin_skip_building_tests': False, 'cmake_args': None, 'cmake_clean_cache': False, 'cmake_clean_first': False, 'cmake_force_configure': False, 'cmake_target': None, 'cmake_target_skip_unavailable': False, 'install_base': '/home/phabrzyk/lc/lc_sensor_grabber/ws/install/scan_assembler', 'merge_install': False, 'path': '/home/phabrzyk/lc/lc_sensor_grabber/ws/scan_assembler', 'symlink_install': False, 'test_result_base': None}
[0.370s] Level 5:colcon.colcon_core.verb:set package 'process_launchers' build argument 'cmake_args' from command line to 'None'
[0.370s] Level 5:colcon.colcon_core.verb:set package 'process_launchers' build argument 'cmake_target' from command line to 'None'
[0.370s] Level 5:colcon.colcon_core.verb:set package 'process_launchers' build argument 'cmake_target_skip_unavailable' from command line to 'False'
[0.370s] Level 5:colcon.colcon_core.verb:set package 'process_launchers' build argument 'cmake_clean_cache' from command line to 'False'
[0.370s] Level 5:colcon.colcon_core.verb:set package 'process_launchers' build argument 'cmake_clean_first' from command line to 'False'
[0.370s] Level 5:colcon.colcon_core.verb:set package 'process_launchers' build argument 'cmake_force_configure' from command line to 'False'
[0.371s] Level 5:colcon.colcon_core.verb:set package 'process_launchers' build argument 'ament_cmake_args' from command line to 'None'
[0.371s] Level 5:colcon.colcon_core.verb:set package 'process_launchers' build argument 'catkin_cmake_args' from command line to 'None'
[0.371s] Level 5:colcon.colcon_core.verb:set package 'process_launchers' build argument 'catkin_skip_building_tests' from command line to 'False'
[0.371s] DEBUG:colcon.colcon_core.verb:Building package 'process_launchers' with the following arguments: {'ament_cmake_args': None, 'build_base': '/home/phabrzyk/lc/lc_sensor_grabber/ws/build/process_launchers', 'catkin_cmake_args': None, 'catkin_skip_building_tests': False, 'cmake_args': None, 'cmake_clean_cache': False, 'cmake_clean_first': False, 'cmake_force_configure': False, 'cmake_target': None, 'cmake_target_skip_unavailable': False, 'install_base': '/home/phabrzyk/lc/lc_sensor_grabber/ws/install/process_launchers', 'merge_install': False, 'path': '/home/phabrzyk/lc/lc_sensor_grabber/ws/process_launchers', 'symlink_install': False, 'test_result_base': None}
[0.371s] INFO:colcon.colcon_core.executor:Executing jobs using 'parallel' executor
[0.374s] DEBUG:colcon.colcon_parallel_executor.executor.parallel:run_until_complete
[0.374s] INFO:colcon.colcon_ros.task.ament_cmake.build:Building ROS package in '/home/phabrzyk/lc/lc_sensor_grabber/ws/lc_interfaces' with build type 'ament_cmake'
[0.374s] INFO:colcon.colcon_cmake.task.cmake.build:Building CMake package in '/home/phabrzyk/lc/lc_sensor_grabber/ws/lc_interfaces'
[0.379s] INFO:colcon.colcon_core.plugin_system:Skipping extension 'colcon_core.shell.bat': Not used on non-Windows systems
[0.379s] INFO:colcon.colcon_core.shell:Skip shell extension 'powershell' for command environment: Not usable outside of PowerShell
[0.379s] DEBUG:colcon.colcon_core.shell:Skip shell extension 'dsv' for command environment
[0.381s] INFO:colcon.colcon_ros.task.ament_python.build:Building ROS package in '/home/phabrzyk/lc/lc_sensor_grabber/ws/top_to_lidar_tf_static_publisher' with build type 'ament_python'
[0.381s] Level 1:colcon.colcon_core.shell:create_environment_hook('top_to_lidar_tf_static_publisher', 'ament_prefix_path')
[0.382s] INFO:colcon.colcon_core.shell:Creating environment hook '/home/phabrzyk/lc/lc_sensor_grabber/ws/install/top_to_lidar_tf_static_publisher/share/top_to_lidar_tf_static_publisher/hook/ament_prefix_path.ps1'
[0.383s] INFO:colcon.colcon_core.shell:Creating environment descriptor '/home/phabrzyk/lc/lc_sensor_grabber/ws/install/top_to_lidar_tf_static_publisher/share/top_to_lidar_tf_static_publisher/hook/ament_prefix_path.dsv'
[0.383s] INFO:colcon.colcon_core.shell:Creating environment hook '/home/phabrzyk/lc/lc_sensor_grabber/ws/install/top_to_lidar_tf_static_publisher/share/top_to_lidar_tf_static_publisher/hook/ament_prefix_path.sh'
[0.384s] INFO:colcon.colcon_core.shell:Skip shell extension 'powershell' for command environment: Not usable outside of PowerShell
[0.385s] DEBUG:colcon.colcon_core.shell:Skip shell extension 'dsv' for command environment
[0.387s] DEBUG:colcon.colcon_core.event_handler.log_command:Invoking command in '/home/phabrzyk/lc/lc_sensor_grabber/ws/build/lc_interfaces': /usr/bin/cmake /home/phabrzyk/lc/lc_sensor_grabber/ws/lc_interfaces -DCMAKE_INSTALL_PREFIX=/home/phabrzyk/lc/lc_sensor_grabber/ws/install/lc_interfaces
[0.632s] INFO:colcon.colcon_core.task.python.build:Building Python package in '/home/phabrzyk/lc/lc_sensor_grabber/ws/top_to_lidar_tf_static_publisher'
[0.633s] INFO:colcon.colcon_core.shell:Skip shell extension 'powershell' for command environment: Not usable outside of PowerShell
[0.633s] DEBUG:colcon.colcon_core.shell:Skip shell extension 'dsv' for command environment
[0.810s] DEBUG:colcon.colcon_core.event_handler.log_command:Invoked command in '/home/phabrzyk/lc/lc_sensor_grabber/ws/build/lc_interfaces' returned '1': /usr/bin/cmake /home/phabrzyk/lc/lc_sensor_grabber/ws/lc_interfaces -DCMAKE_INSTALL_PREFIX=/home/phabrzyk/lc/lc_sensor_grabber/ws/install/lc_interfaces
[0.821s] Level 1:colcon.colcon_core.environment:create_environment_scripts_only(lc_interfaces)
[0.824s] Level 1:colcon.colcon_core.environment:checking '/home/phabrzyk/lc/lc_sensor_grabber/ws/install/lc_interfaces' for CMake module files
[0.825s] Level 1:colcon.colcon_core.environment:checking '/home/phabrzyk/lc/lc_sensor_grabber/ws/install/lc_interfaces' for CMake config files
[0.825s] Level 1:colcon.colcon_core.environment:checking '/home/phabrzyk/lc/lc_sensor_grabber/ws/install/lc_interfaces/bin'
[0.825s] Level 1:colcon.colcon_core.environment:checking '/home/phabrzyk/lc/lc_sensor_grabber/ws/install/lc_interfaces/lib/pkgconfig/lc_interfaces.pc'
[0.825s] Level 1:colcon.colcon_core.environment:checking '/home/phabrzyk/lc/lc_sensor_grabber/ws/install/lc_interfaces/lib/python3.10/site-packages'
[0.825s] Level 1:colcon.colcon_core.environment:checking '/home/phabrzyk/lc/lc_sensor_grabber/ws/install/lc_interfaces/bin'
[0.826s] INFO:colcon.colcon_core.shell:Creating package script '/home/phabrzyk/lc/lc_sensor_grabber/ws/install/lc_interfaces/share/lc_interfaces/package.ps1'
[0.827s] INFO:colcon.colcon_core.shell:Creating package descriptor '/home/phabrzyk/lc/lc_sensor_grabber/ws/install/lc_interfaces/share/lc_interfaces/package.dsv'
[0.827s] INFO:colcon.colcon_core.shell:Creating package script '/home/phabrzyk/lc/lc_sensor_grabber/ws/install/lc_interfaces/share/lc_interfaces/package.sh'
[0.828s] INFO:colcon.colcon_core.shell:Creating package script '/home/phabrzyk/lc/lc_sensor_grabber/ws/install/lc_interfaces/share/lc_interfaces/package.bash'
[0.828s] INFO:colcon.colcon_core.shell:Creating package script '/home/phabrzyk/lc/lc_sensor_grabber/ws/install/lc_interfaces/share/lc_interfaces/package.zsh'
[0.829s] Level 1:colcon.colcon_core.environment:create_file_with_runtime_dependencies(/home/phabrzyk/lc/lc_sensor_grabber/ws/install/lc_interfaces/share/colcon-core/packages/lc_interfaces)
[0.907s] DEBUG:colcon.colcon_parallel_executor.executor.parallel:closing loop
[0.907s] DEBUG:colcon.colcon_parallel_executor.executor.parallel:loop closed
[0.907s] DEBUG:colcon.colcon_parallel_executor.executor.parallel:run_until_complete finished with '1'
[0.907s] DEBUG:colcon.colcon_core.event_reactor:joining thread
[0.919s] INFO:colcon.colcon_core.plugin_system:Skipping extension 'colcon_notification.desktop_notification.terminal_notifier': Not used on non-Darwin systems
[0.919s] INFO:colcon.colcon_core.plugin_system:Skipping extension 'colcon_notification.desktop_notification.win32': Not used on non-Windows systems
[0.919s] INFO:colcon.colcon_notification.desktop_notification:Sending desktop notification using 'notify2'
[0.939s] DEBUG:colcon.colcon_core.event_reactor:joined thread
[0.940s] INFO:colcon.colcon_core.shell:Creating prefix script '/home/phabrzyk/lc/lc_sensor_grabber/ws/install/local_setup.ps1'
[0.941s] INFO:colcon.colcon_core.shell:Creating prefix util module '/home/phabrzyk/lc/lc_sensor_grabber/ws/install/_local_setup_util_ps1.py'
[0.942s] INFO:colcon.colcon_core.shell:Creating prefix chain script '/home/phabrzyk/lc/lc_sensor_grabber/ws/install/setup.ps1'
[0.943s] INFO:colcon.colcon_core.shell:Creating prefix script '/home/phabrzyk/lc/lc_sensor_grabber/ws/install/local_setup.sh'
[0.944s] INFO:colcon.colcon_core.shell:Creating prefix util module '/home/phabrzyk/lc/lc_sensor_grabber/ws/install/_local_setup_util_sh.py'
[0.944s] INFO:colcon.colcon_core.shell:Creating prefix chain script '/home/phabrzyk/lc/lc_sensor_grabber/ws/install/setup.sh'
[0.946s] INFO:colcon.colcon_core.shell:Creating prefix script '/home/phabrzyk/lc/lc_sensor_grabber/ws/install/local_setup.bash'
[0.947s] INFO:colcon.colcon_core.shell:Creating prefix chain script '/home/phabrzyk/lc/lc_sensor_grabber/ws/install/setup.bash'
[0.949s] INFO:colcon.colcon_core.shell:Creating prefix script '/home/phabrzyk/lc/lc_sensor_grabber/ws/install/local_setup.zsh'
[0.950s] INFO:colcon.colcon_core.shell:Creating prefix chain script '/home/phabrzyk/lc/lc_sensor_grabber/ws/install/setup.zsh'
