[0.011s] Invoking command in '/home/phabrzyk/lc/lc_sensor_grabber/ws/build/lc_interfaces': /usr/bin/cmake /home/phabrzyk/lc/lc_sensor_grabber/ws/lc_interfaces -DCMAKE_INSTALL_PREFIX=/home/phabrzyk/lc/lc_sensor_grabber/ws/install/lc_interfaces
[0.161s] -- The C compiler identification is GNU 11.2.0
[0.222s] -- The CXX compiler identification is GNU 11.2.0
[0.247s] -- Detecting C compiler ABI info
[0.309s] -- Detecting C compiler ABI info - done
[0.316s] -- Check for working C compiler: /usr/bin/cc - skipped
[0.317s] -- Detecting C compile features
[0.318s] -- Detecting C compile features - done
[0.328s] -- Detecting CXX compiler ABI info
[0.397s] -- Detecting CXX compiler ABI info - done
[0.407s] -- Check for working CXX compiler: /usr/bin/c++ - skipped
[0.407s] -- Detecting CXX compile features
[0.408s] -- Detecting CXX compile features - done
[0.429s] [31mCMake Error at CMakeLists.txt:8 (find_package):
[0.429s]   By not providing "Findament_cmake.cmake" in CMAKE_MODULE_PATH this project
[0.429s]   has asked CMake to find a package configuration file provided by
[0.429s]   "ament_cmake", but CMake did not find one.
[0.429s] 
[0.429s]   Could not find a package configuration file provided by "ament_cmake" with
[0.430s]   any of the following names:
[0.430s] 
[0.430s]     ament_cmakeConfig.cmake
[0.430s]     ament_cmake-config.cmake
[0.430s] 
[0.430s]   Add the installation prefix of "ament_cmake" to CMAKE_PREFIX_PATH or set
[0.430s]   "ament_cmake_DIR" to a directory containing one of the above files.  If
[0.430s]   "ament_cmake" provides a separate development package or SDK, be sure it
[0.430s]   has been installed.
[0.431s] 
[0.431s] [0m
[0.431s] -- Configuring incomplete, errors occurred!
[0.431s] See also "/home/phabrzyk/lc/lc_sensor_grabber/ws/build/lc_interfaces/CMakeFiles/CMakeOutput.log".
[0.433s] Invoked command in '/home/phabrzyk/lc/lc_sensor_grabber/ws/build/lc_interfaces' returned '1': /usr/bin/cmake /home/phabrzyk/lc/lc_sensor_grabber/ws/lc_interfaces -DCMAKE_INSTALL_PREFIX=/home/phabrzyk/lc/lc_sensor_grabber/ws/install/lc_interfaces
